<?xml version="1.0" encoding="UTF-8"?>
<Site BuildName="Linux-g++"
	BuildStamp="20230114-1557-Experimental"
	Name="alex-MS-7A38"
	Generator="ctest-3.22.1"
	CompilerName="/usr/bin/g++"
	CompilerVersion="11.3.0"
	OSName="Linux"
	Hostname="alex-MS-7A38"
	OSRelease="5.15.0-58-generic"
	OSVersion="#64-Ubuntu SMP Thu Jan 5 11:43:13 UTC 2023"
	OSPlatform="x86_64"
	Is64Bits="1"
	VendorString="AuthenticAMD"
	VendorID="Advanced Micro Devices"
	FamilyID="23"
	ModelID="8"
	ProcessorCacheSize="512"
	NumberOfLogicalCPU="12"
	NumberOfPhysicalCPU="6"
	TotalVirtualMemory="2047"
	TotalPhysicalMemory="7869"
	LogicalProcessorsPerPhysical="2"
	ProcessorClockFrequency="2199.63"
	>
	<Testing>
		<StartDateTime>Jan 14 16:57 CET</StartDateTime>
		<StartTestTime>1673711833</StartTestTime>
		<TestList/>
		<EndDateTime>Jan 14 16:57 CET</EndDateTime>
		<EndTestTime>1673711833</EndTestTime>
		<ElapsedMinutes>0</ElapsedMinutes>
	</Testing>
</Site>
